<?xml version="1.0" encoding="UTF-8"?>
<testng-results total="3" passed="2" failed="1" skipped="0">
  <reporter-output>
  </reporter-output>
  <suite started-at="2021-04-26T09:48:51Z" name="All Test Suite" finished-at="2021-04-26T09:48:51Z" duration-ms="48">
    <groups>
    </groups>
    <test started-at="2021-04-26T09:48:51Z" name="C:/Users/Jayamadhan.Sivanraj/OneDrive - Benefithub Inc/Documents/My Drive/Learning/WorkSpace/src" finished-at="2021-04-26T09:48:51Z" duration-ms="48">
      <class name="tests.C1_FirstTestNGClass">
        <test-method is-config="true" signature="beforecode1()[pri:0, instance:tests.C1_FirstTestNGClass@794cb805]" started-at="2021-04-26T15:18:51Z" name="beforecode1" finished-at="2021-04-26T15:18:51Z" duration-ms="11" status="PASS">
          <reporter-output>
          </reporter-output>
        </test-method> <!-- beforecode1 -->
        <test-method signature="tc1()[pri:0, instance:tests.C1_FirstTestNGClass@794cb805]" started-at="2021-04-26T15:18:51Z" name="tc1" finished-at="2021-04-26T15:18:51Z" duration-ms="3" status="FAIL">
          <exception class="java.lang.AssertionError">
            <message>
              <![CDATA[expected [true] but found [false]]]>
            </message>
            <full-stacktrace>
              <![CDATA[java.lang.AssertionError: expected [true] but found [false]
	at org.testng.Assert.fail(Assert.java:94)
	at org.testng.Assert.failNotEquals(Assert.java:496)
	at org.testng.Assert.assertTrue(Assert.java:42)
	at org.testng.Assert.assertTrue(Assert.java:52)
	at tests.C1_FirstTestNGClass.tc1(C1_FirstTestNGClass.java:15)
	at java.base/jdk.internal.reflect.NativeMethodAccessorImpl.invoke0(Native Method)
	at java.base/jdk.internal.reflect.NativeMethodAccessorImpl.invoke(NativeMethodAccessorImpl.java:62)
	at java.base/jdk.internal.reflect.DelegatingMethodAccessorImpl.invoke(DelegatingMethodAccessorImpl.java:43)
	at java.base/java.lang.reflect.Method.invoke(Method.java:566)
	at org.testng.internal.MethodInvocationHelper.invokeMethod(MethodInvocationHelper.java:85)
	at org.testng.internal.Invoker.invokeMethod(Invoker.java:639)
	at org.testng.internal.Invoker.invokeTestMethod(Invoker.java:816)
	at org.testng.internal.Invoker.invokeTestMethods(Invoker.java:1124)
	at org.testng.internal.TestMethodWorker.invokeTestMethods(TestMethodWorker.java:125)
	at org.testng.internal.TestMethodWorker.run(TestMethodWorker.java:108)
	at org.testng.TestRunner.privateRun(TestRunner.java:774)
	at org.testng.TestRunner.run(TestRunner.java:624)
	at org.testng.SuiteRunner.runTest(SuiteRunner.java:359)
	at org.testng.SuiteRunner.runSequentially(SuiteRunner.java:354)
	at org.testng.SuiteRunner.privateRun(SuiteRunner.java:312)
	at org.testng.SuiteRunner.run(SuiteRunner.java:261)
	at org.testng.SuiteRunnerWorker.runSuite(SuiteRunnerWorker.java:52)
	at org.testng.SuiteRunnerWorker.run(SuiteRunnerWorker.java:86)
	at org.testng.TestNG.runSuitesSequentially(TestNG.java:1191)
	at org.testng.TestNG.runSuitesLocally(TestNG.java:1116)
	at org.testng.TestNG.run(TestNG.java:1024)
	at com.intellij.rt.testng.IDEARemoteTestNG.run(IDEARemoteTestNG.java:66)
	at com.intellij.rt.testng.RemoteTestNGStarter.main(RemoteTestNGStarter.java:109)
]]>
            </full-stacktrace>
          </exception> <!-- java.lang.AssertionError -->
          <reporter-output>
          </reporter-output>
        </test-method> <!-- tc1 -->
        <test-method is-config="true" signature="aftercode1()[pri:0, instance:tests.C1_FirstTestNGClass@794cb805]" started-at="2021-04-26T15:18:51Z" name="aftercode1" finished-at="2021-04-26T15:18:51Z" duration-ms="1" status="PASS">
          <reporter-output>
          </reporter-output>
        </test-method> <!-- aftercode1 -->
      </class> <!-- tests.C1_FirstTestNGClass -->
      <class name="tests.C2_ExampleForAnotherClass">
        <test-method signature="tc2()[pri:0, instance:tests.C2_ExampleForAnotherClass@4b5a5ed1]" started-at="2021-04-26T15:18:51Z" name="tc2" finished-at="2021-04-26T15:18:51Z" duration-ms="1" status="PASS">
          <reporter-output>
          </reporter-output>
        </test-method> <!-- tc2 -->
      </class> <!-- tests.C2_ExampleForAnotherClass -->
      <class name="tests.C3_MultipleTcs">
        <test-method signature="tc3()[pri:0, instance:tests.C3_MultipleTcs@59d016c9]" started-at="2021-04-26T15:18:51Z" name="tc3" finished-at="2021-04-26T15:18:51Z" duration-ms="1" status="PASS">
          <reporter-output>
          </reporter-output>
        </test-method> <!-- tc3 -->
        <test-method is-config="true" signature="beforehand1()[pri:0, instance:tests.C3_MultipleTcs@59d016c9]" started-at="2021-04-26T15:18:51Z" name="beforehand1" finished-at="2021-04-26T15:18:51Z" duration-ms="0" status="PASS">
          <reporter-output>
          </reporter-output>
        </test-method> <!-- beforehand1 -->
      </class> <!-- tests.C3_MultipleTcs -->
    </test> <!-- C:/Users/Jayamadhan.Sivanraj/OneDrive - Benefithub Inc/Documents/My Drive/Learning/WorkSpace/src -->
  </suite> <!-- All Test Suite -->
</testng-results>
